<?xml version="1.0" encoding="UTF-8"?>
<!-- Generated by org.testng.reporters.JUnitXMLReporter -->
<testsuite ignored="0" hostname="Vivian" failures="0" tests="3" name="Test" time="114.999" errors="0" timestamp="2022-10-24T15:53:32 IST">
  <testcase classname="crm.qa.testcases.LoginPageTC" name="validateLogin" time="24.021"/>
  <testcase classname="crm.qa.testcases.HomePageTC" name="createcontact" time="9.424"/>
  <testcase classname="crm.qa.testcases.HomePageTC" name="testlogout" time="1.909"/>
</testsuite> <!-- Test -->
