<?xml version="1.0" encoding="UTF-8"?>
<!-- Generated by org.testng.reporters.JUnitXMLReporter -->
<testsuite ignored="0" hostname="Vivian" failures="0" tests="3" name="Default test" time="125.886" errors="0" timestamp="2022-10-23T16:56:43 IST">
  <testcase classname="crm.qa.testcases.ContactsPageTC" name="createcontact" time="3.026"/>
  <testcase classname="crm.qa.testcases.ContactsPageTC" name="createcontact" time="5.152"/>
  <testcase classname="crm.qa.testcases.ContactsPageTC" name="createcontact" time="2.096"/>
</testsuite> <!-- Default test -->
