<?xml version="1.0" encoding="UTF-8"?>
<testng-results ignored="0" total="3" passed="3" failed="0" skipped="0">
  <reporter-output>
  </reporter-output>
  <suite started-at="2022-10-24T15:51:37 IST" name="RegressionSuite" finished-at="2022-10-24T15:53:32 IST" duration-ms="114999">
    <groups>
    </groups>
    <test started-at="2022-10-24T15:51:37 IST" name="Test" finished-at="2022-10-24T15:53:32 IST" duration-ms="114999">
      <class name="crm.qa.testcases.LoginPageTC">
        <test-method is-config="true" signature="setup()[pri:0, instance:crm.qa.testcases.LoginPageTC@47d9a273]" started-at="2022-10-24T15:51:37 IST" name="setup" finished-at="2022-10-24T15:51:44 IST" duration-ms="6981" status="PASS">
          <reporter-output>
          </reporter-output>
        </test-method> <!-- setup -->
        <test-method signature="validateLogin()[pri:0, instance:crm.qa.testcases.LoginPageTC@47d9a273]" started-at="2022-10-24T15:51:44 IST" name="validateLogin" finished-at="2022-10-24T15:52:08 IST" duration-ms="24021" status="PASS">
          <reporter-output>
          </reporter-output>
        </test-method> <!-- validateLogin -->
        <test-method is-config="true" signature="teardown()[pri:0, instance:crm.qa.testcases.LoginPageTC@47d9a273]" started-at="2022-10-24T15:52:08 IST" name="teardown" finished-at="2022-10-24T15:52:09 IST" duration-ms="253" status="PASS">
          <reporter-output>
          </reporter-output>
        </test-method> <!-- teardown -->
      </class> <!-- crm.qa.testcases.LoginPageTC -->
      <class name="crm.qa.testcases.HomePageTC">
        <test-method is-config="true" signature="setup()[pri:0, instance:crm.qa.testcases.HomePageTC@229c6181]" started-at="2022-10-24T15:52:09 IST" name="setup" finished-at="2022-10-24T15:52:58 IST" duration-ms="49334" status="PASS">
          <reporter-output>
          </reporter-output>
        </test-method> <!-- setup -->
        <test-method signature="createcontact()[pri:0, instance:crm.qa.testcases.HomePageTC@229c6181]" started-at="2022-10-24T15:52:58 IST" name="createcontact" finished-at="2022-10-24T15:53:07 IST" duration-ms="9424" status="PASS">
          <reporter-output>
          </reporter-output>
        </test-method> <!-- createcontact -->
        <test-method is-config="true" signature="tear()[pri:0, instance:crm.qa.testcases.HomePageTC@229c6181]" started-at="2022-10-24T15:53:07 IST" name="tear" finished-at="2022-10-24T15:53:08 IST" duration-ms="191" status="PASS">
          <reporter-output>
          </reporter-output>
        </test-method> <!-- tear -->
        <test-method is-config="true" signature="setup()[pri:0, instance:crm.qa.testcases.HomePageTC@229c6181]" started-at="2022-10-24T15:53:08 IST" name="setup" finished-at="2022-10-24T15:53:30 IST" duration-ms="22740" status="PASS">
          <reporter-output>
          </reporter-output>
        </test-method> <!-- setup -->
        <test-method signature="testlogout()[pri:0, instance:crm.qa.testcases.HomePageTC@229c6181]" started-at="2022-10-24T15:53:30 IST" name="testlogout" finished-at="2022-10-24T15:53:32 IST" duration-ms="1909" status="PASS">
          <reporter-output>
          </reporter-output>
        </test-method> <!-- testlogout -->
        <test-method is-config="true" signature="tear()[pri:0, instance:crm.qa.testcases.HomePageTC@229c6181]" started-at="2022-10-24T15:53:32 IST" name="tear" finished-at="2022-10-24T15:53:32 IST" duration-ms="124" status="PASS">
          <reporter-output>
          </reporter-output>
        </test-method> <!-- tear -->
      </class> <!-- crm.qa.testcases.HomePageTC -->
    </test> <!-- Test -->
  </suite> <!-- RegressionSuite -->
</testng-results>
